{"/Users/quangnguyen/Study/learn/javascript/core/main.js": {"path":"/Users/quangnguyen/Study/learn/javascript/core/main.js","statementMap":{"0":{"start":{"line":8,"column":2},"end":{"line":8,"column":15}}},"fnMap":{"0":{"name":"sum","decl":{"start":{"line":7,"column":16},"end":{"line":7,"column":19}},"loc":{"start":{"line":7,"column":26},"end":{"line":9,"column":1}},"line":7}},"branchMap":{},"s":{"0":1},"f":{"0":1},"b":{},"_coverageSchema":"1a1c01bbd47fc00a2c39e90264f33305004495a9","hash":"7f85bac10b06364e6e4a2b7cfe69fd829b46a33d"}
}
